<?xml version="1.0" encoding="UTF-8"?>
<!-- Generated by org.testng.reporters.JUnitReportReporter -->
<testsuite name="com.framework.testcases.TC_002_Validate_Calendar_Page" tests="1" time="53.143" ignored="0" failures="0" timestamp="04 Jul 2020 02:39:28 GMT" skipped="0" hostname="DESKTOP-8FKLJ50" errors="0">
  <testcase name="tC_002_Validate_Calendar_Page" time="53.143" classname="com.framework.testcases.TC_002_Validate_Calendar_Page"/>
</testsuite> <!-- com.framework.testcases.TC_002_Validate_Calendar_Page -->
