<?xml version="1.0" encoding="UTF-8"?>
<!-- Generated by org.testng.reporters.JUnitReportReporter -->
<testsuite name="com.framework.testcases.TC_003_Validate_Contacts_Page" tests="1" time="21.590" ignored="0" failures="0" timestamp="04 Jul 2020 04:20:45 GMT" skipped="0" hostname="DESKTOP-8FKLJ50" errors="0">
  <testcase name="tC_003_Validate_Contacts_Page" time="21.590" classname="com.framework.testcases.TC_003_Validate_Contacts_Page"/>
</testsuite> <!-- com.framework.testcases.TC_003_Validate_Contacts_Page -->
