<?xml version="1.0" encoding="UTF-8"?>
<!-- Generated by org.testng.reporters.JUnitReportReporter -->
<testsuite name="com.framework.testcases.TC_001_Validate_Login_Page" tests="1" time="23.384" ignored="0" failures="0" timestamp="04 Jul 2020 04:20:45 GMT" skipped="0" hostname="DESKTOP-8FKLJ50" errors="0">
  <testcase name="tC_001_Validate_Login_Page" time="23.384" classname="com.framework.testcases.TC_001_Validate_Login_Page"/>
</testsuite> <!-- com.framework.testcases.TC_001_Validate_Login_Page -->
